<?xml version="1.0" encoding="UTF-8"?>
<!-- Generated by org.testng.reporters.JUnitXMLReporter -->
<testsuite ignored="0" hostname="Khajas-MacBook-Pro.local" failures="2" tests="3" name="Command line test" time="3.8" errors="0" timestamp="24 Apr 2020 05:38:36 GMT">
  <testcase classname="applitools.testrunner.TestRunner" name="executeTest" time="3.221"/>
  <testcase classname="cucumber.api.testng.AbstractTestNGCucumberTests" name="feature" time="0.101">
    <failure type="cucumber.runtime.CucumberException" message="java.lang.IllegalArgumentException: apiKey is null">
      <![CDATA[cucumber.runtime.CucumberException: java.lang.IllegalArgumentException: apiKey is null
at cucumber.api.testng.TestNGCucumberRunner.runCucumber(TestNGCucumberRunner.java:69)
at cucumber.api.testng.AbstractTestNGCucumberTests.feature(AbstractTestNGCucumberTests.java:21)
Caused by: java.lang.IllegalArgumentException: apiKey is null
at com.applitools.utils.ArgumentGuard.notNull(ArgumentGuard.java:19)
at com.applitools.eyes.EyesBase.setApiKey(EyesBase.java:151)
at com.applitools.eyes.selenium.SeleniumEyes.apiKey(SeleniumEyes.java:136)
at com.applitools.eyes.selenium.Eyes.setApiKey(Eyes.java:168)
at applitools.stepdefinitions.Hooks.beforeEach(Hooks.java:43)
at cucumber.runtime.Utils$1.call(Utils.java:40)
at cucumber.runtime.Timeout.timeout(Timeout.java:16)
at cucumber.runtime.Utils.invoke(Utils.java:34)
at cucumber.runtime.java.JavaHookDefinition.execute(JavaHookDefinition.java:60)
at cucumber.runtime.Runtime.runHookIfTagsMatch(Runtime.java:224)
at cucumber.runtime.Runtime.runHooks(Runtime.java:212)
at cucumber.runtime.Runtime.runBeforeHooks(Runtime.java:202)
at cucumber.runtime.model.CucumberScenario.run(CucumberScenario.java:40)
at cucumber.runtime.model.CucumberFeature.run(CucumberFeature.java:165)
at cucumber.api.testng.TestNGCucumberRunner.runCucumber(TestNGCucumberRunner.java:63)
... 36 more
... Removed 39 stack frames]]>
    </failure>
  </testcase> <!-- feature -->
  <testcase classname="cucumber.api.testng.AbstractTestNGCucumberTests" name="feature" time="0.082">
    <failure type="cucumber.runtime.CucumberException" message="java.lang.IllegalArgumentException: apiKey is null">
      <![CDATA[cucumber.runtime.CucumberException: java.lang.IllegalArgumentException: apiKey is null
at cucumber.api.testng.TestNGCucumberRunner.runCucumber(TestNGCucumberRunner.java:69)
at cucumber.api.testng.AbstractTestNGCucumberTests.feature(AbstractTestNGCucumberTests.java:21)
Caused by: java.lang.IllegalArgumentException: apiKey is null
at com.applitools.utils.ArgumentGuard.notNull(ArgumentGuard.java:19)
at com.applitools.eyes.EyesBase.setApiKey(EyesBase.java:151)
at com.applitools.eyes.selenium.SeleniumEyes.apiKey(SeleniumEyes.java:136)
at com.applitools.eyes.selenium.Eyes.setApiKey(Eyes.java:168)
at applitools.stepdefinitions.Hooks.beforeEach(Hooks.java:43)
at cucumber.runtime.Utils$1.call(Utils.java:40)
at cucumber.runtime.Timeout.timeout(Timeout.java:16)
at cucumber.runtime.Utils.invoke(Utils.java:34)
at cucumber.runtime.java.JavaHookDefinition.execute(JavaHookDefinition.java:60)
at cucumber.runtime.Runtime.runHookIfTagsMatch(Runtime.java:224)
at cucumber.runtime.Runtime.runHooks(Runtime.java:212)
at cucumber.runtime.Runtime.runBeforeHooks(Runtime.java:202)
at cucumber.runtime.model.CucumberScenario.run(CucumberScenario.java:40)
at cucumber.runtime.model.CucumberFeature.run(CucumberFeature.java:165)
at cucumber.api.testng.TestNGCucumberRunner.runCucumber(TestNGCucumberRunner.java:63)
... 36 more
... Removed 39 stack frames]]>
    </failure>
  </testcase> <!-- feature -->
</testsuite> <!-- Command line test -->
