<!DOCTYPE html PUBLIC "-//W3C//DTD XHTML 1.1//EN" "http://www.w3.org/TR/xhtml11/DTD/xhtml11.dtd">
<html xmlns="http://www.w3.org/1999/xhtml">
<head>
<meta http-equiv="content-type" content="text/html; charset=UTF-8"/>
<title>TestNG Report</title>
<style type="text/css">table {margin-bottom:10px;border-collapse:collapse;empty-cells:show}th,td {border:1px solid #009;padding:.25em .5em}th {vertical-align:bottom}td {vertical-align:top}table a {font-weight:bold}.stripe td {background-color: #E6EBF9}.num {text-align:right}.passedodd td {background-color: #3F3}.passedeven td {background-color: #0A0}.skippedodd td {background-color: #DDD}.skippedeven td {background-color: #CCC}.failedodd td,.attn {background-color: #F33}.failedeven td,.stripe .attn {background-color: #D00}.stacktrace {white-space:pre;font-family:monospace}.totop {font-size:85%;text-align:center;border-bottom:2px solid #000}.invisible {display:none}</style>
</head>
<body>
<table>
<tr><th>Test</th><th># Passed</th><th># Skipped</th><th># Failed</th><th>Time (ms)</th><th>Included Groups</th><th>Excluded Groups</th></tr>
<tr><th colspan="7">Command line suite</th></tr>
<tr><td><a href="#t0">Command line test</a></td><td class="num">0</td><td class="num">0</td><td class="num attn">2</td><td class="num">200,729</td><td></td><td></td></tr>
</table>
<table id='summary'><thead><tr><th>Class</th><th>Method</th><th>Start</th><th>Time (ms)</th></tr></thead><tbody><tr><th colspan="4">Command line suite</th></tr></tbody><tbody id="t0"><tr><th colspan="4">Command line test &#8212; failed</th></tr><tr class="failedeven"><td rowspan="2">applitools.testrunner.RunCukesTest</td><td><a href="#m0">feature</a></td><td rowspan="2">1587706777478</td><td rowspan="2">185661</td></tr><tr class="failedeven"><td><a href="#m1">feature</a></td></tr></tbody>
</table>
<h2>Command line test</h2><h3 id="m0">applitools.testrunner.RunCukesTest#feature</h3><table class="result"><tr class="param"><th>Parameter #1</th></tr><tr class="param stripe"><td>Traditional Test Suite</td></tr><tr><th>Exception</th></tr><tr><td><div class="stacktrace">cucumber.runtime.CucumberException: java.lang.AssertionError: Warning message displayed expected [true] but found [false]
	at cucumber.api.testng.TestNGCucumberRunner.runCucumber(TestNGCucumberRunner.java:69)
	at cucumber.api.testng.AbstractTestNGCucumberTests.feature(AbstractTestNGCucumberTests.java:21)
	at applitools.testrunner.TestRunner.testRunner(TestRunner.java:42)
	at applitools.testrunner.TestRunner.executeTest(TestRunner.java:29)
Caused by: java.lang.AssertionError: Warning message displayed expected [true] but found [false]
	at applitools.utils.AssertUtils.assertTrue(AssertUtils.java:26)
	at applitools.stepdefinitions.TraditionalTestStepDefinitions.verify_no_credentials_warning_message(TraditionalTestStepDefinitions.java:57)
	at ✽.Then Verify No Credentials Warning message(TraditionalTest.feature:11)
... Removed 60 stack frames</div></td></tr></table><p class="totop"><a href="#summary">back to summary</a></p>
<h3 id="m1">applitools.testrunner.RunCukesTest#feature</h3><table class="result"><tr class="param"><th>Parameter #1</th></tr><tr class="param stripe"><td>Visual AI Test Suite</td></tr><tr><th>Exception</th></tr><tr><td><div class="stacktrace">cucumber.runtime.CucumberException: com.applitools.eyes.EyesException: eyes.openBase() failed
	at cucumber.api.testng.TestNGCucumberRunner.runCucumber(TestNGCucumberRunner.java:69)
	at cucumber.api.testng.AbstractTestNGCucumberTests.feature(AbstractTestNGCucumberTests.java:21)
	at applitools.testrunner.TestRunner.testRunner(TestRunner.java:42)
	at applitools.testrunner.TestRunner.executeTest(TestRunner.java:29)
Caused by: com.applitools.eyes.EyesException: eyes.openBase() failed
	at com.applitools.eyes.EyesBase.openBase(EyesBase.java:1034)
	at com.applitools.eyes.selenium.SeleniumEyes.open(SeleniumEyes.java:279)
	at com.applitools.eyes.selenium.SeleniumEyes.open(SeleniumEyes.java:242)
	at com.applitools.eyes.selenium.Eyes.open(Eyes.java:1164)
	at applitools.stepdefinitions.VisualAITestStepDefinitions.launch_the_demo_app_version2(VisualAITestStepDefinitions.java:29)
	at ✽.Given Launch the Demo APP version2(VisualAITest.feature:9)
... Removed 57 stack frames</div></td></tr></table><p class="totop"><a href="#summary">back to summary</a></p>
</body>
</html>
